{"/Users/washingtonj/Documents/workspace/svelt-planning-poker-poc/src/lib/server/adapters/room-adapter.ts": {"path":"/Users/washingtonj/Documents/workspace/svelt-planning-poker-poc/src/lib/server/adapters/room-adapter.ts","all":false,"statementMap":{"0":{"start":{"line":1,"column":0},"end":{"line":1,"column":49}},"1":{"start":{"line":2,"column":0},"end":{"line":2,"column":44}},"2":{"start":{"line":3,"column":0},"end":{"line":3,"column":50}},"3":{"start":{"line":4,"column":0},"end":{"line":4,"column":0}},"4":{"start":{"line":5,"column":0},"end":{"line":5,"column":46}},"5":{"start":{"line":6,"column":0},"end":{"line":6,"column":39}},"6":{"start":{"line":7,"column":0},"end":{"line":7,"column":36}},"7":{"start":{"line":8,"column":0},"end":{"line":8,"column":0}},"8":{"start":{"line":9,"column":0},"end":{"line":9,"column":26}},"9":{"start":{"line":10,"column":0},"end":{"line":10,"column":0}},"10":{"start":{"line":11,"column":0},"end":{"line":11,"column":37}},"11":{"start":{"line":12,"column":0},"end":{"line":12,"column":32}},"12":{"start":{"line":13,"column":0},"end":{"line":13,"column":47}},"13":{"start":{"line":14,"column":0},"end":{"line":14,"column":5}},"14":{"start":{"line":15,"column":0},"end":{"line":15,"column":32}},"15":{"start":{"line":16,"column":0},"end":{"line":16,"column":3}},"16":{"start":{"line":17,"column":0},"end":{"line":17,"column":0}},"17":{"start":{"line":18,"column":0},"end":{"line":18,"column":55}},"18":{"start":{"line":19,"column":0},"end":{"line":19,"column":79}},"19":{"start":{"line":20,"column":0},"end":{"line":20,"column":3}},"20":{"start":{"line":21,"column":0},"end":{"line":21,"column":0}},"21":{"start":{"line":22,"column":0},"end":{"line":22,"column":57}},"22":{"start":{"line":23,"column":0},"end":{"line":23,"column":79}},"23":{"start":{"line":24,"column":0},"end":{"line":24,"column":3}},"24":{"start":{"line":25,"column":0},"end":{"line":25,"column":0}},"25":{"start":{"line":26,"column":0},"end":{"line":26,"column":45}},"26":{"start":{"line":27,"column":0},"end":{"line":27,"column":66}},"27":{"start":{"line":28,"column":0},"end":{"line":28,"column":49}},"28":{"start":{"line":29,"column":0},"end":{"line":29,"column":16}},"29":{"start":{"line":30,"column":0},"end":{"line":30,"column":3}},"30":{"start":{"line":31,"column":0},"end":{"line":31,"column":0}},"31":{"start":{"line":32,"column":0},"end":{"line":32,"column":50}},"32":{"start":{"line":33,"column":0},"end":{"line":33,"column":24}},"33":{"start":{"line":34,"column":0},"end":{"line":34,"column":43}},"34":{"start":{"line":35,"column":0},"end":{"line":35,"column":11}},"35":{"start":{"line":36,"column":0},"end":{"line":36,"column":18}},"36":{"start":{"line":37,"column":0},"end":{"line":37,"column":6}},"37":{"start":{"line":38,"column":0},"end":{"line":38,"column":33}},"38":{"start":{"line":39,"column":0},"end":{"line":39,"column":33}},"39":{"start":{"line":40,"column":0},"end":{"line":40,"column":3}},"40":{"start":{"line":41,"column":0},"end":{"line":41,"column":0}},"41":{"start":{"line":42,"column":0},"end":{"line":42,"column":64}},"42":{"start":{"line":43,"column":0},"end":{"line":43,"column":42}},"43":{"start":{"line":44,"column":0},"end":{"line":44,"column":28}},"44":{"start":{"line":45,"column":0},"end":{"line":45,"column":49}},"45":{"start":{"line":46,"column":0},"end":{"line":46,"column":20}},"46":{"start":{"line":47,"column":0},"end":{"line":47,"column":6}},"47":{"start":{"line":48,"column":0},"end":{"line":48,"column":30}},"48":{"start":{"line":49,"column":0},"end":{"line":49,"column":33}},"49":{"start":{"line":50,"column":0},"end":{"line":50,"column":3}},"50":{"start":{"line":51,"column":0},"end":{"line":51,"column":1}}},"s":{"0":1,"1":1,"2":1,"3":1,"4":1,"5":1,"6":1,"7":1,"8":1,"9":1,"10":1,"11":3,"12":1,"13":1,"14":3,"15":3,"16":1,"17":1,"18":2,"19":2,"20":1,"21":1,"22":1,"23":1,"24":1,"25":1,"26":2,"27":2,"28":1,"29":2,"30":1,"31":1,"32":2,"33":2,"34":2,"35":2,"36":2,"37":2,"38":2,"39":2,"40":1,"41":1,"42":2,"43":2,"44":2,"45":2,"46":2,"47":2,"48":2,"49":2,"50":1},"branchMap":{"0":{"type":"branch","line":6,"loc":{"start":{"line":6,"column":2},"end":{"line":7,"column":36}},"locations":[{"start":{"line":6,"column":2},"end":{"line":7,"column":36}}]},"1":{"type":"branch","line":9,"loc":{"start":{"line":9,"column":10},"end":{"line":9,"column":26}},"locations":[{"start":{"line":9,"column":10},"end":{"line":9,"column":26}}]},"2":{"type":"branch","line":11,"loc":{"start":{"line":11,"column":9},"end":{"line":16,"column":3}},"locations":[{"start":{"line":11,"column":9},"end":{"line":16,"column":3}}]},"3":{"type":"branch","line":12,"loc":{"start":{"line":12,"column":31},"end":{"line":14,"column":5}},"locations":[{"start":{"line":12,"column":31},"end":{"line":14,"column":5}}]},"4":{"type":"branch","line":18,"loc":{"start":{"line":18,"column":17},"end":{"line":20,"column":3}},"locations":[{"start":{"line":18,"column":17},"end":{"line":20,"column":3}}]},"5":{"type":"branch","line":22,"loc":{"start":{"line":22,"column":17},"end":{"line":24,"column":3}},"locations":[{"start":{"line":22,"column":17},"end":{"line":24,"column":3}}]},"6":{"type":"branch","line":26,"loc":{"start":{"line":26,"column":17},"end":{"line":30,"column":3}},"locations":[{"start":{"line":26,"column":17},"end":{"line":30,"column":3}}]},"7":{"type":"branch","line":28,"loc":{"start":{"line":28,"column":15},"end":{"line":29,"column":16}},"locations":[{"start":{"line":28,"column":15},"end":{"line":29,"column":16}}]},"8":{"type":"branch","line":27,"loc":{"start":{"line":27,"column":40},"end":{"line":27,"column":64}},"locations":[{"start":{"line":27,"column":40},"end":{"line":27,"column":64}}]},"9":{"type":"branch","line":32,"loc":{"start":{"line":32,"column":9},"end":{"line":40,"column":3}},"locations":[{"start":{"line":32,"column":9},"end":{"line":40,"column":3}}]},"10":{"type":"branch","line":42,"loc":{"start":{"line":42,"column":9},"end":{"line":50,"column":3}},"locations":[{"start":{"line":42,"column":9},"end":{"line":50,"column":3}}]}},"b":{"0":[1],"1":[1],"2":[3],"3":[1],"4":[2],"5":[1],"6":[2],"7":[1],"8":[4],"9":[2],"10":[2]},"fnMap":{"0":{"name":"<static_initializer>","decl":{"start":{"line":6,"column":2},"end":{"line":7,"column":36}},"loc":{"start":{"line":6,"column":2},"end":{"line":7,"column":36}},"line":6},"1":{"name":"RoomAdapter","decl":{"start":{"line":9,"column":10},"end":{"line":9,"column":26}},"loc":{"start":{"line":9,"column":10},"end":{"line":9,"column":26}},"line":9},"2":{"name":"getInstance","decl":{"start":{"line":11,"column":9},"end":{"line":16,"column":3}},"loc":{"start":{"line":11,"column":9},"end":{"line":16,"column":3}},"line":11},"3":{"name":"generateRoomId","decl":{"start":{"line":18,"column":17},"end":{"line":20,"column":3}},"loc":{"start":{"line":18,"column":17},"end":{"line":20,"column":3}},"line":18},"4":{"name":"generatePlayerId","decl":{"start":{"line":22,"column":17},"end":{"line":24,"column":3}},"loc":{"start":{"line":22,"column":17},"end":{"line":24,"column":3}},"line":22},"5":{"name":"findRoom","decl":{"start":{"line":26,"column":17},"end":{"line":30,"column":3}},"loc":{"start":{"line":26,"column":17},"end":{"line":30,"column":3}},"line":26},"6":{"name":"createRoom","decl":{"start":{"line":32,"column":9},"end":{"line":40,"column":3}},"loc":{"start":{"line":32,"column":9},"end":{"line":40,"column":3}},"line":32},"7":{"name":"joinRoom","decl":{"start":{"line":42,"column":9},"end":{"line":50,"column":3}},"loc":{"start":{"line":42,"column":9},"end":{"line":50,"column":3}},"line":42}},"f":{"0":1,"1":1,"2":3,"3":2,"4":1,"5":2,"6":2,"7":2}}
}
